<!--
  ~ Copyright (c) 2019 OBiBa. All rights reserved.
  ~
  ~ This program and the accompanying materials
  ~ are made available under the terms of the GNU Public License v3.0.
  ~
  ~ You should have received a copy of the GNU General Public License
  ~ along with this program.  If not, see <http://www.gnu.org/licenses/>.
  -->

<beans xmlns="http://www.springframework.org/schema/beans" xmlns:xsi="http://www.w3.org/2001/XMLSchema-instance"
    xsi:schemaLocation="http://www.springframework.org/schema/beans http://www.springframework.org/schema/beans/spring-beans-3.0.xsd"
    default-autowire="no">

  <import resource="classpath:/test-db-config.xml"/>
  <import resource="classpath:META-INF/spring/beans.xml"/>

</beans>
