<!--
  ~ Copyright (c) 2019 OBiBa. All rights reserved.
  ~
  ~ This program and the accompanying materials
  ~ are made available under the terms of the GNU Public License v3.0.
  ~
  ~ You should have received a copy of the GNU General Public License
  ~ along with this program.  If not, see <http://www.gnu.org/licenses/>.
  -->

<beans xmlns="http://www.springframework.org/schema/beans" xmlns:xsi="http://www.w3.org/2001/XMLSchema-instance"
    xsi:schemaLocation="http://www.springframework.org/schema/beans http://www.springframework.org/schema/beans/spring-beans-3.0.xsd"
    default-autowire="no">

  <bean id="dataSource" class="org.apache.commons.dbcp2.BasicDataSource" destroy-method="close">
    <property name="driverClassName" value="org.hsqldb.jdbcDriver"/>
    <property name="url" value="jdbc:hsqldb:mem:target/test.db;shutdown=true"/>
    <property name="username" value="sa"/>
    <property name="password" value=""/>
  </bean>

</beans>